#
# There is insufficient memory for the Java Runtime Environment to continue.
# Native memory allocation (mmap) failed to map 257949696 bytes. Error detail: G1 virtual space
# Possible reasons:
#   The system is out of physical RAM or swap space
#   This process is running with CompressedOops enabled, and the Java Heap may be blocking the growth of the native heap
# Possible solutions:
#   Reduce memory load on the system
#   Increase physical memory or swap space
#   Check if swap backing store is full
#   Decrease Java heap size (-Xmx/-Xms)
#   Decrease number of Java threads
#   Decrease Java thread stack sizes (-Xss)
#   Set larger code cache with -XX:ReservedCodeCacheSize=
#   JVM is running with Zero Based Compressed Oops mode in which the Java heap is
#     placed in the first 32GB address space. The Java Heap base address is the
#     maximum limit for the native heap growth. Please use -XX:HeapBaseMinAddress
#     to set the Java Heap base and to place the Java Heap above 32GB virtual address.
# This output file may be truncated or incomplete.
#
#  Out of Memory Error (os_windows.cpp:3618), pid=13940, tid=9864
#
# JRE version:  (17.0.17+10) (build )
# Java VM: OpenJDK 64-Bit Server VM (17.0.17+10, mixed mode, sharing, tiered, compressed oops, compressed class ptrs, g1 gc, windows-amd64)
# No core dump will be written. Minidumps are not enabled by default on client versions of Windows
#

---------------  S U M M A R Y ------------

Command Line: --enable-native-access=ALL-UNNAMED 

Host: AMD Ryzen 5 7520U with Radeon Graphics         , 8 cores, 15G,  Windows 11 , 64 bit Build 26100 (10.0.26100.7623)
Time: Wed Jan 28 17:14:05 2026 India Standard Time elapsed time: 1.028260 seconds (0d 0h 0m 1s)

---------------  T H R E A D  ---------------

Current thread (0x0000027a8d6684f0):  JavaThread "Unknown thread" [_thread_in_vm, id=9864, stack(0x000000c02d600000,0x000000c02d700000)]

Stack: [0x000000c02d600000,0x000000c02d700000]
Native frames: (J=compiled Java code, j=interpreted, Vv=VM code, C=native code)
V  [jvm.dll+0x683fb9]
V  [jvm.dll+0x83a1b5]
V  [jvm.dll+0x83bc2e]
V  [jvm.dll+0x83c2b3]
V  [jvm.dll+0x248eff]
V  [jvm.dll+0x680d79]
V  [jvm.dll+0x675b7a]
V  [jvm.dll+0x3091a7]
V  [jvm.dll+0x310776]
V  [jvm.dll+0x360bbe]
V  [jvm.dll+0x360dfd]
V  [jvm.dll+0x2e022c]
V  [jvm.dll+0x2e1138]
V  [jvm.dll+0x80c6cb]
V  [jvm.dll+0x36e841]
V  [jvm.dll+0x7eb2a5]
V  [jvm.dll+0x3f444b]
V  [jvm.dll+0x3f5f31]
C  [jli.dll+0x52d0]
C  [ucrtbase.dll+0x37b0]
C  [KERNEL32.DLL+0x2e8d7]
C  [ntdll.dll+0x8c53c]


---------------  P R O C E S S  ---------------

Threads class SMR info:
_java_thread_list=0x00007ffd42687f58, length=0, elements={
}

Java Threads: ( => current thread )

Other Threads:
  0x0000027a8d6db180 GCTaskThread "GC Thread#0" [stack: 0x000000c02d700000,0x000000c02d800000] [id=21028]
  0x0000027a8d6eb460 ConcurrentGCThread "G1 Main Marker" [stack: 0x000000c02d800000,0x000000c02d900000] [id=19312]
  0x0000027a8d6ef980 ConcurrentGCThread "G1 Conc#0" [stack: 0x000000c02d900000,0x000000c02da00000] [id=23196]

[error occurred during error reporting (printing all threads), id 0xc0000005, EXCEPTION_ACCESS_VIOLATION (0xc0000005) at pc=0x00007ffd41e40d57]

VM state: not at safepoint (not fully initialized)

VM Mutex/Monitor currently owned by a thread:  ([mutex/lock_event])
[0x0000027a8d664ec0] Heap_lock - owner thread: 0x0000027a8d6684f0

Heap address: 0x000000070b800000, size: 3912 MB, Compressed Oops mode: Zero based, Oop shift amount: 3

CDS archive(s) mapped at: [0x0000000000000000-0x0000000000000000-0x0000000000000000), size 0, SharedBaseAddress: 0x0000000800000000, ArchiveRelocationMode: 1.
Narrow klass base: 0x0000000000000000, Narrow klass shift: 0, Narrow klass range: 0x0

GC Precious Log:
<Empty>

Heap:
 garbage-first heap   total 0K, used 0K [0x000000070b800000, 0x0000000800000000)
  region size 2048K, 0 young (0K), 0 survivors (0K)

[error occurred during error reporting (printing heap information), id 0xc0000005, EXCEPTION_ACCESS_VIOLATION (0xc0000005) at pc=0x00007ffd4222d5c9]

GC Heap History (0 events):
No events

Dll operation events (1 events):
Event: 0.006 Loaded shared library C:\Users\Midhun\AppData\Local\Programs\Eclipse Adoptium\jdk-17.0.17.10-hotspot\bin\java.dll

Deoptimization events (0 events):
No events

Classes loaded (0 events):
No events

Classes unloaded (0 events):
No events

Classes redefined (0 events):
No events

Internal exceptions (0 events):
No events

VM Operations (0 events):
No events

Memory protections (0 events):
No events

Nmethod flushes (0 events):
No events

Events (0 events):
No events


Dynamic libraries:
0x00007ff6fa6c0000 - 0x00007ff6fa6ce000 	C:\Users\Midhun\AppData\Local\Programs\Eclipse Adoptium\jdk-17.0.17.10-hotspot\bin\java.exe
0x00007ffe130a0000 - 0x00007ffe13307000 	C:\Windows\SYSTEM32\ntdll.dll
0x00007ffe11560000 - 0x00007ffe11629000 	C:\Windows\System32\KERNEL32.DLL
0x00007ffe10440000 - 0x00007ffe1082f000 	C:\Windows\System32\KERNELBASE.dll
0x00007ffe108d0000 - 0x00007ffe10a1b000 	C:\Windows\System32\ucrtbase.dll
0x00007ffde2fa0000 - 0x00007ffde2fb8000 	C:\Users\Midhun\AppData\Local\Programs\Eclipse Adoptium\jdk-17.0.17.10-hotspot\bin\jli.dll
0x00007ffde2b70000 - 0x00007ffde2b8e000 	C:\Users\Midhun\AppData\Local\Programs\Eclipse Adoptium\jdk-17.0.17.10-hotspot\bin\VCRUNTIME140.dll
0x00007ffe12ba0000 - 0x00007ffe12d65000 	C:\Windows\System32\USER32.dll
0x00007ffe101f0000 - 0x00007ffe10217000 	C:\Windows\System32\win32u.dll
0x00007ffdfbc20000 - 0x00007ffdfbeb3000 	C:\Windows\WinSxS\amd64_microsoft.windows.common-controls_6595b64144ccf1df_6.0.26100.7309_none_3e05feeae336a044\COMCTL32.dll
0x00007ffe11ac0000 - 0x00007ffe11aeb000 	C:\Windows\System32\GDI32.dll
0x00007ffe11460000 - 0x00007ffe11509000 	C:\Windows\System32\msvcrt.dll
0x00007ffe10d10000 - 0x00007ffe10e3c000 	C:\Windows\System32\gdi32full.dll
0x00007ffe10390000 - 0x00007ffe10433000 	C:\Windows\System32\msvcp_win.dll
0x00007ffe13020000 - 0x00007ffe13051000 	C:\Windows\System32\IMM32.DLL
0x00007ffded0a0000 - 0x00007ffded0ac000 	C:\Users\Midhun\AppData\Local\Programs\Eclipse Adoptium\jdk-17.0.17.10-hotspot\bin\vcruntime140_1.dll
0x00007ffdbadc0000 - 0x00007ffdbae4d000 	C:\Users\Midhun\AppData\Local\Programs\Eclipse Adoptium\jdk-17.0.17.10-hotspot\bin\msvcp140.dll
0x00007ffd41b50000 - 0x00007ffd427bb000 	C:\Users\Midhun\AppData\Local\Programs\Eclipse Adoptium\jdk-17.0.17.10-hotspot\bin\server\jvm.dll
0x00007ffe12f60000 - 0x00007ffe13014000 	C:\Windows\System32\ADVAPI32.dll
0x00007ffe11f60000 - 0x00007ffe12006000 	C:\Windows\System32\sechost.dll
0x00007ffe11b80000 - 0x00007ffe11c98000 	C:\Windows\System32\RPCRT4.dll
0x00007ffe12860000 - 0x00007ffe128d4000 	C:\Windows\System32\WS2_32.dll
0x00007ffe10050000 - 0x00007ffe100ae000 	C:\Windows\SYSTEM32\POWRPROF.dll
0x00007ffe04350000 - 0x00007ffe0435b000 	C:\Windows\SYSTEM32\VERSION.dll
0x00007ffe05820000 - 0x00007ffe05855000 	C:\Windows\SYSTEM32\WINMM.dll
0x00007ffe10030000 - 0x00007ffe10044000 	C:\Windows\SYSTEM32\UMPDC.dll
0x00007ffe0efa0000 - 0x00007ffe0efbb000 	C:\Windows\SYSTEM32\kernel.appcore.dll
0x00007ffde29d0000 - 0x00007ffde29da000 	C:\Users\Midhun\AppData\Local\Programs\Eclipse Adoptium\jdk-17.0.17.10-hotspot\bin\jimage.dll
0x00007ffe02830000 - 0x00007ffe02a72000 	C:\Windows\SYSTEM32\DBGHELP.DLL
0x00007ffe10f10000 - 0x00007ffe11296000 	C:\Windows\System32\combase.dll
0x00007ffe11e80000 - 0x00007ffe11f56000 	C:\Windows\System32\OLEAUT32.dll
0x00007ffdefd20000 - 0x00007ffdefd5c000 	C:\Windows\SYSTEM32\dbgcore.DLL
0x00007ffe10220000 - 0x00007ffe102c5000 	C:\Windows\System32\bcryptPrimitives.dll
0x00007ffdd6c20000 - 0x00007ffdd6c45000 	C:\Users\Midhun\AppData\Local\Programs\Eclipse Adoptium\jdk-17.0.17.10-hotspot\bin\java.dll

dbghelp: loaded successfully - version: 4.0.5 - missing functions: none
symbol engine: initialized successfully - sym options: 0x614 - pdb path: .;C:\Users\Midhun\AppData\Local\Programs\Eclipse Adoptium\jdk-17.0.17.10-hotspot\bin;C:\Windows\SYSTEM32;C:\Windows\WinSxS\amd64_microsoft.windows.common-controls_6595b64144ccf1df_6.0.26100.7309_none_3e05feeae336a044;C:\Users\Midhun\AppData\Local\Programs\Eclipse Adoptium\jdk-17.0.17.10-hotspot\bin\server

VM Arguments:
jvm_args: --enable-native-access=ALL-UNNAMED 
java_command: <unknown>
java_class_path (initial): <not set>
Launcher Type: SUN_STANDARD

[Global flags]
     intx CICompilerCount                          = 4                                         {product} {ergonomic}
     uint ConcGCThreads                            = 2                                         {product} {ergonomic}
     uint G1ConcRefinementThreads                  = 8                                         {product} {ergonomic}
   size_t G1HeapRegionSize                         = 2097152                                   {product} {ergonomic}
    uintx GCDrainStackTargetSize                   = 64                                        {product} {ergonomic}
   size_t InitialHeapSize                          = 257949696                                 {product} {ergonomic}
   size_t MarkStackSize                            = 4194304                                   {product} {ergonomic}
   size_t MaxHeapSize                              = 4102029312                                {product} {ergonomic}
   size_t MinHeapDeltaBytes                        = 2097152                                   {product} {ergonomic}
   size_t MinHeapSize                              = 8388608                                   {product} {ergonomic}
    uintx NonNMethodCodeHeapSize                   = 5839372                                {pd product} {ergonomic}
    uintx NonProfiledCodeHeapSize                  = 122909434                              {pd product} {ergonomic}
    uintx ProfiledCodeHeapSize                     = 122909434                              {pd product} {ergonomic}
    uintx ReservedCodeCacheSize                    = 251658240                              {pd product} {ergonomic}
     bool SegmentedCodeCache                       = true                                      {product} {ergonomic}
   size_t SoftMaxHeapSize                          = 4102029312                             {manageable} {ergonomic}
     bool UseCompressedClassPointers               = true                           {product lp64_product} {ergonomic}
     bool UseCompressedOops                        = true                           {product lp64_product} {ergonomic}
     bool UseG1GC                                  = true                                      {product} {ergonomic}
     bool UseLargePagesIndividualAllocation        = false                                  {pd product} {ergonomic}

Logging:
Log output configuration:
 #0: stdout all=warning uptime,level,tags
 #1: stderr all=off uptime,level,tags

Environment Variables:
PATH=C:\Users\Midhun\flutter\bin\;C:\Windows\system32;C:\Windows;C:\Windows\System32\Wbem;C:\Windows\System32\WindowsPowerShell\v1.0\;C:\Windows\System32\OpenSSH\;C:\Program Files\Git\cmd;C:\Program Files\nodejs\;C:\Users\Midhun\AppData\Local\Programs\Eclipse Adoptium\jdk-17.0.17.10-hotspot\bin;C:\Users\Midhun\AppData\Local\Programs\Python\Python310\Scripts\;C:\Users\Midhun\AppData\Local\Programs\Python\Python310\;C:\Users\Midhun\AppData\Local\Programs\Python\Python312\Scripts\;C:\Users\Midhun\AppData\Local\Programs\Python\Python312\;C:\Users\Midhun\AppData\Local\Programs\Python\Python314\Scripts\;C:\Users\Midhun\AppData\Local\Programs\Python\Python314\;C:\Users\Midhun\AppData\Local\Programs\Python\Launcher\;C:\Users\Midhun\AppData\Local\Microsoft\WindowsApps;C:\Users\Midhun\AppData\Local\Programs\Microsoft VS Code\bin;C:\Users\Midhun\flutter\bin;C:\Users\Midhun\AppData\Roaming\npm;c:\Users\Midhun\.vscode\extensions\vscjava.vscode-java-debug-0.58.5\bundled\scripts\noConfigScripts;c:\Users\Midhun\.vscode\extensions\ms-python.debugpy-2025.18.0-win32-x64\bundled\scripts\noConfigScripts
USERNAME=Midhun
LANG=en_US.UTF-8
OS=Windows_NT
PROCESSOR_IDENTIFIER=AMD64 Family 23 Model 160 Stepping 0, AuthenticAMD
TMP=C:\Users\Midhun\AppData\Local\Temp
TEMP=C:\Users\Midhun\AppData\Local\Temp



Periodic native trim disabled


---------------  S Y S T E M  ---------------

OS:
 Windows 11 , 64 bit Build 26100 (10.0.26100.7623)
OS uptime: 2 days 18:50 hours
Hyper-V role detected

CPU: total 8 (initial active 8) (8 cores per cpu, 2 threads per core) family 23 model 160 stepping 0 microcode 0x8a00006, cx8, cmov, fxsr, ht, mmx, 3dnowpref, sse, sse2, sse3, ssse3, sse4a, sse4.1, sse4.2, popcnt, lzcnt, tsc, tscinvbit, avx, avx2, aes, clmul, bmi1, bmi2, adx, sha, fma, vzeroupper, clflush, clflushopt, hv
Processor Information for processor 0
  Max Mhz: 2801, Current Mhz: 2246, Mhz Limit: 2801
Processor Information for processor 1
  Max Mhz: 2801, Current Mhz: 2246, Mhz Limit: 2801
Processor Information for processor 2
  Max Mhz: 2801, Current Mhz: 2246, Mhz Limit: 2801
Processor Information for processor 3
  Max Mhz: 2801, Current Mhz: 2801, Mhz Limit: 2801
Processor Information for processor 4
  Max Mhz: 2801, Current Mhz: 2246, Mhz Limit: 2801
Processor Information for processor 5
  Max Mhz: 2801, Current Mhz: 2246, Mhz Limit: 2801
Processor Information for processor 6
  Max Mhz: 2801, Current Mhz: 2246, Mhz Limit: 2801
Processor Information for processor 7
  Max Mhz: 2801, Current Mhz: 2246, Mhz Limit: 2801

Memory: 4k page, system-wide physical 15647M (4408M free)
TotalPageFile size 17695M (AvailPageFile size 214M)
current process WorkingSet (physical memory assigned to process): 12M, peak: 12M
current process commit charge ("private bytes"): 60M, peak: 306M

vm_info: OpenJDK 64-Bit Server VM (17.0.17+10) for windows-amd64 JRE (17.0.17+10), built on Oct 21 2025 23:25:32 by "admin" with unknown MS VC++:1942

END.
